<!DOCTYPE html PUBLIC "-//W3C//DTD XHTML 1.1//EN" "http://www.w3.org/TR/xhtml11/DTD/xhtml11.dtd">
<html xmlns="http://www.w3.org/1999/xhtml"><head><title>TestNG Report</title><style type="text/css">table {margin-bottom:10px;border-collapse:collapse;empty-cells:show}th,td {border:1px solid #009;padding:.25em .5em}th {vertical-align:bottom}td {vertical-align:top}table a {font-weight:bold}.stripe td {background-color: #E6EBF9}.num {text-align:right}.passedodd td {background-color: #3F3}.passedeven td {background-color: #0A0}.skippedodd td {background-color: #DDD}.skippedeven td {background-color: #CCC}.failedodd td,.attn {background-color: #F33}.failedeven td,.stripe .attn {background-color: #D00}.stacktrace {white-space:pre;font-family:monospace}.totop {font-size:85%;text-align:center;border-bottom:2px solid #000}</style></head><body><table><tr><th>Test</th><th># Passed</th><th># Skipped</th><th># Failed</th><th>Time (ms)</th><th>Included Groups</th><th>Excluded Groups</th></tr><tr><th colspan="7">My Suite</th></tr><tr><td><a href="#t0">Book Store App</a></td><td class="num">1</td><td class="num">0</td><td class="num attn">1</td><td class="num">26,561</td><td></td><td></td></tr></table><table id='summary'><thead><tr><th>Class</th><th>Method</th><th>Start</th><th>Time (ms)</th></tr></thead><tbody><tr><th colspan="4">My Suite</th></tr></tbody><tbody id="t0"><tr><th colspan="4">Book Store App &#8212; failed (configuration methods)</th></tr><tr class="failedeven"><td rowspan="1">com.POMDemo4.qa.testcases.SBookStoreLoginTest</td><td><a href="#m0">tearDown</a></td><td rowspan="1">1612719042673</td><td rowspan="1">8</td></tr><tr><th colspan="4">Book Store App &#8212; failed</th></tr><tr class="failedeven"><td rowspan="1">com.POMDemo4.qa.testcases.SBookStoreLoginTest</td><td><a href="#m1">loginTest</a></td><td rowspan="1">1612719042657</td><td rowspan="1">0</td></tr><tr><th colspan="4">Book Store App &#8212; skipped (configuration methods)</th></tr><tr class="skippedeven"><td rowspan="1">com.POMDemo4.qa.testcases.SBookStoreLoginTest</td><td><a href="#m2">endReport</a></td><td rowspan="1">1612719042683</td><td rowspan="1">0</td></tr><tr><th colspan="4">Book Store App &#8212; passed</th></tr><tr class="passedeven"><td rowspan="1">com.POMDemo4.qa.testcases.HomePageTest</td><td><a href="#m3">validatePageImgTest</a></td><td rowspan="1">1612719041895</td><td rowspan="1">51</td></tr></tbody></table><h2>Book Store App</h2><h3 id="m0">com.POMDemo4.qa.testcases.SBookStoreLoginTest#tearDown</h3><table class="result"><tr class="param"><th>Parameter #1</th></tr><tr class="param stripe"><td>[TestResult name=loginTest status=FAILURE method=SBookStoreLoginTest.loginTest()[pri:1, instance:com.POMDemo4.qa.testcases.SBookStoreLoginTest@1500955a] output={null}]</td></tr><tr><th>Exception</th></tr><tr><td><div class="stacktrace">org.openqa.selenium.NoSuchSessionException: Session ID is null. Using WebDriver after calling quit()?
Build info: version: &apos;3.141.59&apos;, revision: &apos;e82be7d358&apos;, time: &apos;2018-11-14T08:17:03&apos;
System info: host: &apos;DESKTOP-5NIOMS0&apos;, ip: &apos;192.168.43.10&apos;, os.name: &apos;Windows 10&apos;, os.arch: &apos;amd64&apos;, os.version: &apos;10.0&apos;, java.version: &apos;1.8.0_261&apos;
Driver info: driver.version: RemoteWebDriver
	at org.openqa.selenium.remote.HttpCommandExecutor.execute(HttpCommandExecutor.java:125)
	at org.openqa.selenium.remote.service.DriverCommandExecutor.execute(DriverCommandExecutor.java:83)
	at org.openqa.selenium.remote.RemoteWebDriver.execute(RemoteWebDriver.java:552)
	at org.openqa.selenium.remote.RemoteWebDriver.execute(RemoteWebDriver.java:609)
	at org.openqa.selenium.remote.RemoteWebDriver.getScreenshotAs(RemoteWebDriver.java:295)
	at com.POMDemo4.qa.util.TakeScreenshot.getScreenShot(TakeScreenshot.java:23)
	at com.POMDemo4.qa.testcases.SBookStoreLoginTest.tearDown(SBookStoreLoginTest.java:39)
... Removed 27 stack frames</div></td></tr></table><p class="totop"><a href="#summary">back to summary</a></p><h3 id="m1">com.POMDemo4.qa.testcases.SBookStoreLoginTest#loginTest</h3><table class="result"><tr><th>Exception</th></tr><tr><td><div class="stacktrace">org.openqa.selenium.NoSuchSessionException: Session ID is null. Using WebDriver after calling quit()?
Build info: version: &apos;3.141.59&apos;, revision: &apos;e82be7d358&apos;, time: &apos;2018-11-14T08:17:03&apos;
System info: host: &apos;DESKTOP-5NIOMS0&apos;, ip: &apos;192.168.43.10&apos;, os.name: &apos;Windows 10&apos;, os.arch: &apos;amd64&apos;, os.version: &apos;10.0&apos;, java.version: &apos;1.8.0_261&apos;
Driver info: driver.version: RemoteWebDriver
	at org.openqa.selenium.remote.HttpCommandExecutor.execute(HttpCommandExecutor.java:125)
	at org.openqa.selenium.remote.service.DriverCommandExecutor.execute(DriverCommandExecutor.java:83)
	at org.openqa.selenium.remote.RemoteWebDriver.execute(RemoteWebDriver.java:552)
	at org.openqa.selenium.remote.RemoteWebDriver.executeScript(RemoteWebDriver.java:489)
	at com.POMDemo4.qa.pages.SBookStoreLogin.login(SBookStoreLogin.java:33)
	at com.POMDemo4.qa.testcases.SBookStoreLoginTest.loginTest(SBookStoreLoginTest.java:31)
... Removed 25 stack frames</div></td></tr></table><p class="totop"><a href="#summary">back to summary</a></p><h3 id="m2">com.POMDemo4.qa.testcases.SBookStoreLoginTest#endReport</h3><table class="result"></table><p class="totop"><a href="#summary">back to summary</a></p><h3 id="m3">com.POMDemo4.qa.testcases.HomePageTest#validatePageImgTest</h3><table class="result"></table><p class="totop"><a href="#summary">back to summary</a></p></body></html>